================     Experiment Results     ================
30 samples evaluated in a total of 53.878 ms
Matrix size:                        8 x 8
Block size:                         1
Warmup rounds:                      5
Repetitions:                        30
OpenBLAS:                           OFF
Implementation ID:                  1 (Serial blocked)

Time  (mean ± σ):                    6.154 μs ± 56.358 ns
Time  (min … max):                   6.121 μs …  6.412 μs

      ▁█_▁__▃_________________________________________
6.1 μs             frequency by time             6.4 μs

============================================================
================     Experiment Results     ================
30 samples evaluated in a total of 50.447 ms
Matrix size:                        16 x 16
Block size:                         1
Warmup rounds:                      5
Repetitions:                        30
OpenBLAS:                           OFF
Implementation ID:                  1 (Serial blocked)

Time  (mean ± σ):                   44.551 μs ±  1.130 μs
Time  (min … max):                  44.132 μs … 48.982 μs

      ▇█______________________________________________
44.1 μs             frequency by time             49.0 μs

============================================================
================     Experiment Results     ================
30 samples evaluated in a total of 56.587 ms
Matrix size:                        32 x 32
Block size:                         1
Warmup rounds:                      5
Repetitions:                        30
OpenBLAS:                           OFF
Implementation ID:                  1 (Serial blocked)

Time  (mean ± σ):                   349.625 μs ±  5.440 μs
Time  (min … max):                  345.167 μs … 364.192 μs

      █______▄________________________________________
345.2 μs             frequency by time             364.2 μs

============================================================
================     Experiment Results     ================
30 samples evaluated in a total of 153.579 ms
Matrix size:                        64 x 64
Block size:                         1
Warmup rounds:                      5
Repetitions:                        30
OpenBLAS:                           OFF
Implementation ID:                  1 (Serial blocked)

Time  (mean ± σ):                    2.988 ms ± 31.592 μs
Time  (min … max):                   2.938 ms …  3.059 ms

      ▂_▂▂▂▂_▂__█__▂__▂▂▄_▂▄_▄▂_▄▂▂______▂▂▂______▂__▂
2.9 ms             frequency by time             3.1 ms

============================================================
================     Experiment Results     ================
30 samples evaluated in a total of 866.839 ms
Matrix size:                        128 x 128
Block size:                         1
Warmup rounds:                      5
Repetitions:                        30
OpenBLAS:                           OFF
Implementation ID:                  1 (Serial blocked)

Time  (mean ± σ):                   23.100 ms ±  1.102 ms
Time  (min … max):                  21.519 ms … 25.060 ms

      ▂▂▂_▂_▂_▅_▂▅▅█__▂__▂__▂___▂▂___▂___▂▂__▂▅_▂▅___▂
21.5 ms             frequency by time             25.1 ms

============================================================
================     Experiment Results     ================
30 samples evaluated in a total of 6.482 s 
Matrix size:                        256 x 256
Block size:                         1
Warmup rounds:                      5
Repetitions:                        30
OpenBLAS:                           OFF
Implementation ID:                  1 (Serial blocked)

Time  (mean ± σ):                   181.524 ms ±  7.515 ms
Time  (min … max):                  172.141 ms … 203.288 ms

      ▂▂▂▂▂▂▅▅▂▂█▂▅▂▂▅▂_______▂_▂▂__▂__▂____▂________▂
172.1 ms             frequency by time             203.3 ms

============================================================
================     Experiment Results     ================
30 samples evaluated in a total of 53.724 s 
Matrix size:                        512 x 512
Block size:                         1
Warmup rounds:                      5
Repetitions:                        30
OpenBLAS:                           OFF
Implementation ID:                  1 (Serial blocked)

Time  (mean ± σ):                    1.525 s  ±  8.922 ms
Time  (min … max):                   1.506 s  …  1.544 s 

      ▂__▂__▂__▂__▂__▂_▅▅_▂_▂_▅█▂__▂▅▂▂▂▂▂▂_▂▂_______▂
1.5 s              frequency by time             1.5 s 

============================================================
================     Experiment Results     ================
30 samples evaluated in a total of 430.949 s 
Matrix size:                        1024 x 1024
Block size:                         1
Warmup rounds:                      5
Repetitions:                        30
OpenBLAS:                           OFF
Implementation ID:                  1 (Serial blocked)

Time  (mean ± σ):                   12.279 s  ± 72.016 ms
Time  (min … max):                  12.123 s  … 12.394 s 

      ▄___▄______▄▄▄_▄█▄_▄_█_____█▄▄__▄▄_███▄▄__▄_▄_▄▄
12.1 s              frequency by time             12.4 s 

============================================================
