================     Experiment Results     ================
30 samples evaluated in a total of 93.984 ms
Matrix size:                        128 x 128
Block size:                         128
Warmup rounds:                      5
Repetitions:                        30
OpenBLAS:                           OFF
Implementation ID:                  1 (Serial blocked)

Time  (mean ± σ):                   283.132 μs ±  4.207 μs
Time  (min … max):                  271.799 μs … 290.424 μs

      ▂__________▂_▂__▂__▂__▂▄▂_▂█▆▂_▂_▄_▄▂▂___▂_▂__▂▄
271.8 μs             frequency by time             290.4 μs

============================================================
================     Experiment Results     ================
30 samples evaluated in a total of 189.217 ms
Matrix size:                        256 x 256
Block size:                         128
Warmup rounds:                      5
Repetitions:                        30
OpenBLAS:                           OFF
Implementation ID:                  1 (Serial blocked)

Time  (mean ± σ):                    2.385 ms ± 93.206 μs
Time  (min … max):                   2.185 ms …  2.638 ms

      ▂___▂__▂▂__▂___▄▂▂▄█▄__▆▂▄▂__▄▂__▂_____▂_______▂
2.2 ms             frequency by time             2.6 ms

============================================================
================     Experiment Results     ================
30 samples evaluated in a total of 1.011 s 
Matrix size:                        512 x 512
Block size:                         128
Warmup rounds:                      5
Repetitions:                        30
OpenBLAS:                           OFF
Implementation ID:                  1 (Serial blocked)

Time  (mean ± σ):                   18.704 ms ± 633.678 μs
Time  (min … max):                  17.866 ms … 19.925 ms

      ▆___█▂▂_▂▂__▄___▂▂_▂▂▂▄__▂_____▂_▂▄___▂_▂▂__▂__▂
17.9 ms             frequency by time             19.9 ms

============================================================
================     Experiment Results     ================
30 samples evaluated in a total of 7.086 s 
Matrix size:                        1024 x 1024
Block size:                         128
Warmup rounds:                      5
Repetitions:                        30
OpenBLAS:                           OFF
Implementation ID:                  1 (Serial blocked)

Time  (mean ± σ):                   172.133 ms ±  7.986 ms
Time  (min … max):                  162.389 ms … 189.730 ms

      ▄_▂▂▂▂▂_█▂▄▂__▂▄▄▂_▂__▂______▂▂__▂________▂_▂_▂▂
162.4 ms             frequency by time             189.7 ms

============================================================
================     Experiment Results     ================
30 samples evaluated in a total of 73.740 s 
Matrix size:                        2048 x 2048
Block size:                         128
Warmup rounds:                      5
Repetitions:                        30
OpenBLAS:                           OFF
Implementation ID:                  1 (Serial blocked)

Time  (mean ± σ):                    1.988 s  ± 29.087 ms
Time  (min … max):                   1.891 s  …  2.065 s 

      ▁__________▁________▁_▄▁_▆▂▁█▆▁___▁_______▁____▁
1.9 s              frequency by time             2.1 s 

============================================================
================     Experiment Results     ================
30 samples evaluated in a total of 583.968 s 
Matrix size:                        4096 x 4096
Block size:                         128
Warmup rounds:                      5
Repetitions:                        30
OpenBLAS:                           OFF
Implementation ID:                  1 (Serial blocked)

Time  (mean ± σ):                   16.201 s  ± 81.854 ms
Time  (min … max):                  16.017 s  … 16.321 s 

      ▄_________▂__▂▂_▂_▂▂_▂__▂▂▂_▂▂▄__▄__▂▄_█▂▂__▂_▂▂
16.0 s              frequency by time             16.3 s 

============================================================
