================     Experiment Results     ================
30 samples evaluated in a total of 5.584 s 
Matrix size:                        1024 x 1024
Block size:                         1024
Warmup rounds:                      5
Repetitions:                        30
OpenBLAS:                           OFF
Implementation ID:                  1 (Serial blocked)

Time  (mean ± σ):                   128.531 ms ±  7.129 ms
Time  (min … max):                  118.651 ms … 146.793 ms

      ▂▂_▂▂____█▆▆_▄▄_▄_▂_▆___▂____▂____▂______▂___▂_▂
118.7 ms             frequency by time             146.8 ms

============================================================
================     Experiment Results     ================
30 samples evaluated in a total of 45.693 s 
Matrix size:                        2048 x 2048
Block size:                         1024
Warmup rounds:                      5
Repetitions:                        30
OpenBLAS:                           OFF
Implementation ID:                  1 (Serial blocked)

Time  (mean ± σ):                    1.190 s  ± 12.948 ms
Time  (min … max):                   1.149 s  …  1.213 s 

      ▂________▂______▂▂_____▂_▅_▂__██▅▂_███▂▂▂______▂
1.1 s              frequency by time             1.2 s 

============================================================
================     Experiment Results     ================
30 samples evaluated in a total of 855.603 s 
Matrix size:                        4096 x 4096
Block size:                         1024
Warmup rounds:                      5
Repetitions:                        30
OpenBLAS:                           OFF
Implementation ID:                  1 (Serial blocked)

Time  (mean ± σ):                   24.000 s  ± 545.042 ms
Time  (min … max):                  23.268 s  … 25.129 s 

      ▂▂_▂▂▅__██▅▅__▂____▂__▂_▂▂________▅_▅█▂________▂
23.3 s              frequency by time             25.1 s 

============================================================
