================     Experiment Results     ================
30 samples evaluated in a total of 73.188 ms
Matrix size:                        64 x 64
Block size:                         64
Warmup rounds:                      5
Repetitions:                        30
OpenBLAS:                           OFF
Implementation ID:                  1 (Serial blocked)

Time  (mean ± σ):                   36.832 μs ±  3.221 μs
Time  (min … max):                  33.763 μs … 43.661 μs

      █▃____▂▄______▅▁___________________▅▁_________▁▁
33.8 μs             frequency by time             43.7 μs

============================================================
================     Experiment Results     ================
30 samples evaluated in a total of 81.475 ms
Matrix size:                        128 x 128
Block size:                         64
Warmup rounds:                      5
Repetitions:                        30
OpenBLAS:                           OFF
Implementation ID:                  1 (Serial blocked)

Time  (mean ± σ):                   448.659 μs ± 12.053 μs
Time  (min … max):                  434.394 μs … 486.762 μs

      ▅_▂_█_█▂▂▅▂█▅▅▂▅▂___▅________▂_______________▂_▂
434.4 μs             frequency by time             486.8 μs

============================================================
================     Experiment Results     ================
30 samples evaluated in a total of 209.329 ms
Matrix size:                        256 x 256
Block size:                         64
Warmup rounds:                      5
Repetitions:                        30
OpenBLAS:                           OFF
Implementation ID:                  1 (Serial blocked)

Time  (mean ± σ):                    2.835 ms ± 100.664 μs
Time  (min … max):                   2.697 ms …  3.022 ms

      ▂__▅█▅▂_▂▂___▅_▂_▂__▂▂__▅__▂▂▂▂_▂__▂____▂▂__▂__▅
2.7 ms             frequency by time             3.0 ms

============================================================
================     Experiment Results     ================
30 samples evaluated in a total of 1.064 s 
Matrix size:                        512 x 512
Block size:                         64
Warmup rounds:                      5
Repetitions:                        30
OpenBLAS:                           OFF
Implementation ID:                  1 (Serial blocked)

Time  (mean ± σ):                   22.059 ms ± 818.631 μs
Time  (min … max):                  20.831 ms … 23.484 ms

      ▄▄▄█____▄__██__█▄▄▄█___▄__▄_█_____▄_▄▄__▄▄▄_▄▄_▄
20.8 ms             frequency by time             23.5 ms

============================================================
================     Experiment Results     ================
30 samples evaluated in a total of 7.713 s 
Matrix size:                        1024 x 1024
Block size:                         64
Warmup rounds:                      5
Repetitions:                        30
OpenBLAS:                           OFF
Implementation ID:                  1 (Serial blocked)

Time  (mean ± σ):                   189.932 ms ±  8.741 ms
Time  (min … max):                  179.775 ms … 208.213 ms

      █__▂▅▂▅▅▂_▅__█__▂▅▂__▂__▂▂_______▂▂_________▂_▂▅
179.8 ms             frequency by time             208.2 ms

============================================================
================     Experiment Results     ================
30 samples evaluated in a total of 65.453 s 
Matrix size:                        2048 x 2048
Block size:                         64
Warmup rounds:                      5
Repetitions:                        30
OpenBLAS:                           OFF
Implementation ID:                  1 (Serial blocked)

Time  (mean ± σ):                    1.749 s  ± 23.023 ms
Time  (min … max):                   1.666 s  …  1.780 s 

      ▂______________▂__________▄▂__▂▆▂▆_▂▂_█▄▂▂▂▂▆▂_▂
1.7 s              frequency by time             1.8 s 

============================================================
================     Experiment Results     ================
30 samples evaluated in a total of 643.472 s 
Matrix size:                        4096 x 4096
Block size:                         64
Warmup rounds:                      5
Repetitions:                        30
OpenBLAS:                           OFF
Implementation ID:                  1 (Serial blocked)

Time  (mean ± σ):                   17.888 s  ± 92.455 ms
Time  (min … max):                  17.670 s  … 18.062 s 

      ▂____▂_____▂___▂_██___█_▂__▂__▅█▂▂▂___▅█_▂_____▂
17.7 s              frequency by time             18.1 s 

============================================================
