================     Experiment Results     ================
30 samples evaluated in a total of 46.060 ms
Matrix size:                        8 x 8
Block size:                         2
Warmup rounds:                      5
Repetitions:                        30
OpenBLAS:                           OFF
Implementation ID:                  1 (Serial blocked)

Time  (mean ± σ):                    2.126 μs ±  1.236 μs
Time  (min … max):                   1.873 μs …  8.657 μs

      █_______________________________________________
1.9 μs             frequency by time             8.7 μs

============================================================
================     Experiment Results     ================
30 samples evaluated in a total of 58.417 ms
Matrix size:                        16 x 16
Block size:                         2
Warmup rounds:                      5
Repetitions:                        30
OpenBLAS:                           OFF
Implementation ID:                  1 (Serial blocked)

Time  (mean ± σ):                   15.564 μs ±  1.563 μs
Time  (min … max):                  15.228 μs … 23.835 μs

      █_______________________________________________
15.2 μs             frequency by time             23.8 μs

============================================================
================     Experiment Results     ================
30 samples evaluated in a total of 47.646 ms
Matrix size:                        32 x 32
Block size:                         2
Warmup rounds:                      5
Repetitions:                        30
OpenBLAS:                           OFF
Implementation ID:                  1 (Serial blocked)

Time  (mean ± σ):                   106.639 μs ±  6.535 μs
Time  (min … max):                  102.983 μs … 129.553 μs

      ▂█______________________________________________
103.0 μs             frequency by time             129.6 μs

============================================================
================     Experiment Results     ================
30 samples evaluated in a total of 79.385 ms
Matrix size:                        64 x 64
Block size:                         2
Warmup rounds:                      5
Repetitions:                        30
OpenBLAS:                           OFF
Implementation ID:                  1 (Serial blocked)

Time  (mean ± σ):                   901.087 μs ± 14.370 μs
Time  (min … max):                  892.441 μs … 973.613 μs

      ▅▄█▂▂▂▄▁▁▁_____________________________________▁
892.4 μs             frequency by time             973.6 μs

============================================================
================     Experiment Results     ================
30 samples evaluated in a total of 316.027 ms
Matrix size:                        128 x 128
Block size:                         2
Warmup rounds:                      5
Repetitions:                        30
OpenBLAS:                           OFF
Implementation ID:                  1 (Serial blocked)

Time  (mean ± σ):                    6.898 ms ± 116.379 μs
Time  (min … max):                   6.760 ms …  7.210 ms

      ▃___▃▃▁▃▃▃█_▃_▃_▁__▁_____▁__▁________▁_▁_▁_____▁
6.8 ms             frequency by time             7.2 ms

============================================================
================     Experiment Results     ================
30 samples evaluated in a total of 2.090 s 
Matrix size:                        256 x 256
Block size:                         2
Warmup rounds:                      5
Repetitions:                        30
OpenBLAS:                           OFF
Implementation ID:                  1 (Serial blocked)

Time  (mean ± σ):                   56.499 ms ±  2.206 ms
Time  (min … max):                  53.128 ms … 60.059 ms

      ▄█_▄▄___▄▄▄_█__▄▄▄▄▄___▄▄___▄_▄▄_▄_▄_▄_█▄___▄▄_█
53.1 ms             frequency by time             60.1 ms

============================================================
================     Experiment Results     ================
30 samples evaluated in a total of 16.602 s 
Matrix size:                        512 x 512
Block size:                         2
Warmup rounds:                      5
Repetitions:                        30
OpenBLAS:                           OFF
Implementation ID:                  1 (Serial blocked)

Time  (mean ± σ):                   469.258 ms ± 22.589 ms
Time  (min … max):                  439.527 ms … 508.958 ms

      ▂▂█▂_▂▂▂▂▂__▂_▂▂▅_▂__▂▂_________▂▅__▅_▂_▂▂_▂_▂_▂
439.5 ms             frequency by time             509.0 ms

============================================================
================     Experiment Results     ================
30 samples evaluated in a total of 133.899 s 
Matrix size:                        1024 x 1024
Block size:                         2
Warmup rounds:                      5
Repetitions:                        30
OpenBLAS:                           OFF
Implementation ID:                  1 (Serial blocked)

Time  (mean ± σ):                    3.792 s  ± 40.653 ms
Time  (min … max):                   3.628 s  …  3.835 s 

      ▁______________▁_______________▁_▁▁▃▁_█▃▄▄▃▁▄_▁▃
3.6 s              frequency by time             3.8 s 

============================================================
================     Experiment Results     ================
30 samples evaluated in a total of 1113.487 s 
Matrix size:                        2048 x 2048
Block size:                         2
Warmup rounds:                      5
Repetitions:                        30
OpenBLAS:                           OFF
Implementation ID:                  1 (Serial blocked)

Time  (mean ± σ):                   31.681 s  ± 110.104 ms
Time  (min … max):                  31.469 s  … 31.871 s 

      ▂____▂▂___▂▂▂▂▂__▂▅▅▂__▂_____▅█▂▅__▂▂_____▂▂__▂▅
31.5 s              frequency by time             31.9 s 

============================================================
