================     Experiment Results     ================
30 samples evaluated in a total of 64.860 ms
Matrix size:                        16 x 16
Block size:                         16
Warmup rounds:                      5
Repetitions:                        30
OpenBLAS:                           OFF
Implementation ID:                  1 (Serial blocked)

Time  (mean ± σ):                    1.659 μs ± 59.095 ns
Time  (min … max):                   1.643 μs …  1.953 μs

      █▁______________________________________________
1.6 μs             frequency by time             2.0 μs

============================================================
================     Experiment Results     ================
30 samples evaluated in a total of 54.334 ms
Matrix size:                        32 x 32
Block size:                         16
Warmup rounds:                      5
Repetitions:                        30
OpenBLAS:                           OFF
Implementation ID:                  1 (Serial blocked)

Time  (mean ± σ):                   14.376 μs ±  1.574 μs
Time  (min … max):                  10.861 μs … 19.988 μs

      __________________█_____________________________
10.9 μs             frequency by time             20.0 μs

============================================================
================     Experiment Results     ================
30 samples evaluated in a total of 61.313 ms
Matrix size:                        64 x 64
Block size:                         16
Warmup rounds:                      5
Repetitions:                        30
OpenBLAS:                           OFF
Implementation ID:                  1 (Serial blocked)

Time  (mean ± σ):                   78.037 μs ±  7.165 μs
Time  (min … max):                  74.540 μs … 101.821 μs

      █▅_____________________________________________▁
74.5 μs             frequency by time             101.8 μs

============================================================
================     Experiment Results     ================
30 samples evaluated in a total of 92.302 ms
Matrix size:                        128 x 128
Block size:                         16
Warmup rounds:                      5
Repetitions:                        30
OpenBLAS:                           OFF
Implementation ID:                  1 (Serial blocked)

Time  (mean ± σ):                   638.004 μs ± 15.383 μs
Time  (min … max):                  627.716 μs … 714.088 μs

      ▆_▃█▁▃▂▁▂▂▁____________________________________▁
627.7 μs             frequency by time             714.1 μs

============================================================
================     Experiment Results     ================
30 samples evaluated in a total of 294.450 ms
Matrix size:                        256 x 256
Block size:                         16
Warmup rounds:                      5
Repetitions:                        30
OpenBLAS:                           OFF
Implementation ID:                  1 (Serial blocked)

Time  (mean ± σ):                    5.155 ms ± 146.104 μs
Time  (min … max):                   4.951 ms …  5.396 ms

      █_▂_▂___▅▂▂▂▅▂▂__▂_▂_▅____▂_▂______▂▂▂▂▂___▂▅_▂▂
5.0 ms             frequency by time             5.4 ms

============================================================
================     Experiment Results     ================
30 samples evaluated in a total of 1.934 s 
Matrix size:                        512 x 512
Block size:                         16
Warmup rounds:                      5
Repetitions:                        30
OpenBLAS:                           OFF
Implementation ID:                  1 (Serial blocked)

Time  (mean ± σ):                   46.744 ms ±  1.935 ms
Time  (min … max):                  42.326 ms … 49.787 ms

      ▂_________▂___▂_█_█▂▂▂_▅▂__▂__▂__▂__▅█__▂__▂▂█_▂
42.3 ms             frequency by time             49.8 ms

============================================================
================     Experiment Results     ================
30 samples evaluated in a total of 14.522 s 
Matrix size:                        1024 x 1024
Block size:                         16
Warmup rounds:                      5
Repetitions:                        30
OpenBLAS:                           OFF
Implementation ID:                  1 (Serial blocked)

Time  (mean ± σ):                   386.423 ms ± 19.758 ms
Time  (min … max):                  358.261 ms … 430.249 ms

      ▂_▂_█▂█_▂__▅▂▂▂_▂_▂▂__▂_▂___▂_▂__█▂█___________▂
358.3 ms             frequency by time             430.2 ms

============================================================
================     Experiment Results     ================
30 samples evaluated in a total of 134.601 s 
Matrix size:                        2048 x 2048
Block size:                         16
Warmup rounds:                      5
Repetitions:                        30
OpenBLAS:                           OFF
Implementation ID:                  1 (Serial blocked)

Time  (mean ± σ):                    3.723 s  ± 63.644 ms
Time  (min … max):                   3.439 s  …  3.779 s 

      ▁___________________________▁▁__▁____▁▆▂_▂_▅▅█▁▁
3.4 s              frequency by time             3.8 s 

============================================================
================     Experiment Results     ================
30 samples evaluated in a total of 1163.943 s 
Matrix size:                        4096 x 4096
Block size:                         16
Warmup rounds:                      5
Repetitions:                        30
OpenBLAS:                           OFF
Implementation ID:                  1 (Serial blocked)

Time  (mean ± σ):                   32.784 s  ± 75.271 ms
Time  (min … max):                  32.647 s  … 32.912 s 

      ▂__█_▂___▂___▂___▅▂__▂__▅█▅▂_▂____▅▅▂▂_____▂_▂▂▂
32.6 s              frequency by time             32.9 s 

============================================================
