================     Experiment Results     ================
30 samples evaluated in a total of 65.882 ms
Matrix size:                        8 x 8
Block size:                         4
Warmup rounds:                      5
Repetitions:                        30
OpenBLAS:                           OFF
Implementation ID:                  1 (Serial blocked)

Time  (mean ± σ):                   618.100 ns ± 45.132 ns
Time  (min … max):                  601.000 ns … 802.000 ns

      ▆_█_____________________________________________
601.0 ns             frequency by time             802.0 ns

============================================================
================     Experiment Results     ================
30 samples evaluated in a total of 42.914 ms
Matrix size:                        16 x 16
Block size:                         4
Warmup rounds:                      5
Repetitions:                        30
OpenBLAS:                           OFF
Implementation ID:                  1 (Serial blocked)

Time  (mean ± σ):                    4.370 μs ± 808.897 ns
Time  (min … max):                   4.007 μs …  7.444 μs

      █_________________________▁_____________________
4.0 μs             frequency by time             7.4 μs

============================================================
================     Experiment Results     ================
30 samples evaluated in a total of 49.382 ms
Matrix size:                        32 x 32
Block size:                         4
Warmup rounds:                      5
Repetitions:                        30
OpenBLAS:                           OFF
Implementation ID:                  1 (Serial blocked)

Time  (mean ± σ):                   34.142 μs ±  1.423 μs
Time  (min … max):                  32.311 μs … 40.736 μs

      ▃_____▁▆█▁__▅▅▁________________________________▁
32.3 μs             frequency by time             40.7 μs

============================================================
================     Experiment Results     ================
30 samples evaluated in a total of 64.287 ms
Matrix size:                        64 x 64
Block size:                         4
Warmup rounds:                      5
Repetitions:                        30
OpenBLAS:                           OFF
Implementation ID:                  1 (Serial blocked)

Time  (mean ± σ):                   285.412 μs ± 24.372 μs
Time  (min … max):                  275.236 μs … 411.080 μs

      ▃█▄▁▁___________________________________________
275.2 μs             frequency by time             411.1 μs

============================================================
================     Experiment Results     ================
30 samples evaluated in a total of 137.609 ms
Matrix size:                        128 x 128
Block size:                         4
Warmup rounds:                      5
Repetitions:                        30
OpenBLAS:                           OFF
Implementation ID:                  1 (Serial blocked)

Time  (mean ± σ):                    2.068 ms ± 12.552 μs
Time  (min … max):                   2.042 ms …  2.085 ms

      ▃▁____________▁__▁▁▃▁▁▁_▃▁_▁_______▃_▃_▁_█_▁▃▁_▁
2.0 ms             frequency by time             2.1 ms

============================================================
================     Experiment Results     ================
30 samples evaluated in a total of 711.419 ms
Matrix size:                        256 x 256
Block size:                         4
Warmup rounds:                      5
Repetitions:                        30
OpenBLAS:                           OFF
Implementation ID:                  1 (Serial blocked)

Time  (mean ± σ):                   17.129 ms ± 777.083 μs
Time  (min … max):                  16.163 ms … 18.776 ms

      █__▄█_███▄█_▄_██__▄_▄__▄_▄_____▄____▄___▄█▄____▄
16.2 ms             frequency by time             18.8 ms

============================================================
================     Experiment Results     ================
30 samples evaluated in a total of 5.525 s 
Matrix size:                        512 x 512
Block size:                         4
Warmup rounds:                      5
Repetitions:                        30
OpenBLAS:                           OFF
Implementation ID:                  1 (Serial blocked)

Time  (mean ± σ):                   149.164 ms ±  6.535 ms
Time  (min … max):                  141.577 ms … 167.581 ms

      ▄__▃▁__█▃▃__▁▄▁▃▁▁_▁_____▁__▁_________▁____▁___▁
141.6 ms             frequency by time             167.6 ms

============================================================
================     Experiment Results     ================
30 samples evaluated in a total of 49.298 s 
Matrix size:                        1024 x 1024
Block size:                         4
Warmup rounds:                      5
Repetitions:                        30
OpenBLAS:                           OFF
Implementation ID:                  1 (Serial blocked)

Time  (mean ± σ):                    1.376 s  ±  8.093 ms
Time  (min … max):                   1.362 s  …  1.390 s 

      ▂____▂▂__▂▂_▅▂▂▅▂_▂__▅__▂__▂▂___▂█▂_▂__▅__▂__▂▂▂
1.4 s              frequency by time             1.4 s 

============================================================
================     Experiment Results     ================
30 samples evaluated in a total of 516.358 s 
Matrix size:                        2048 x 2048
Block size:                         4
Warmup rounds:                      5
Repetitions:                        30
OpenBLAS:                           OFF
Implementation ID:                  1 (Serial blocked)

Time  (mean ± σ):                   14.606 s  ± 144.824 ms
Time  (min … max):                  14.372 s  … 14.892 s 

      ▄_▂▂___▂_▂_▂_█_▄_▂▂__▂▂▂▂____▄▂_▂_▂_▂▂_▂▂▂_____▂
14.4 s              frequency by time             14.9 s 

============================================================
