================     Experiment Results     ================
30 samples evaluated in a total of 198.366 ms
Matrix size:                        256 x 256
Block size:                         256
Warmup rounds:                      5
Repetitions:                        30
OpenBLAS:                           OFF
Implementation ID:                  1 (Serial blocked)

Time  (mean ± σ):                    2.002 ms ± 109.739 μs
Time  (min … max):                   1.819 ms …  2.197 ms

      ▂▅▂▂▂____▂_▂_▅_____▂____▂▅▅_█▂█____▂__█_▂▂_____▂
1.8 ms             frequency by time             2.2 ms

============================================================
================     Experiment Results     ================
30 samples evaluated in a total of 1.001 s 
Matrix size:                        512 x 512
Block size:                         256
Warmup rounds:                      5
Repetitions:                        30
OpenBLAS:                           OFF
Implementation ID:                  1 (Serial blocked)

Time  (mean ± σ):                   20.325 ms ± 567.418 μs
Time  (min … max):                  19.390 ms … 21.574 ms

      ▅▂___▂__▂▂▂▅▂_▅▂__▅__▂▂_▂▂▂▂▂▂_█_▂_____▂__▂____▂
19.4 ms             frequency by time             21.6 ms

============================================================
================     Experiment Results     ================
30 samples evaluated in a total of 7.905 s 
Matrix size:                        1024 x 1024
Block size:                         256
Warmup rounds:                      5
Repetitions:                        30
OpenBLAS:                           OFF
Implementation ID:                  1 (Serial blocked)

Time  (mean ± σ):                   195.950 ms ±  8.916 ms
Time  (min … max):                  183.970 ms … 216.157 ms

      ▂_▅__▂▅▅▂▂▅▅▂___█▂▂_▂▂______▂_▂_▂▂▂________▂▂__▂
184.0 ms             frequency by time             216.2 ms

============================================================
================     Experiment Results     ================
30 samples evaluated in a total of 60.549 s 
Matrix size:                        2048 x 2048
Block size:                         256
Warmup rounds:                      5
Repetitions:                        30
OpenBLAS:                           OFF
Implementation ID:                  1 (Serial blocked)

Time  (mean ± σ):                    1.609 s  ± 23.976 ms
Time  (min … max):                   1.530 s  …  1.637 s 

      ▁___▁____________________▁___▄▁_▁▁█_▃▁▃_▁▆___▄▁▃
1.5 s              frequency by time             1.6 s 

============================================================
================     Experiment Results     ================
30 samples evaluated in a total of 469.316 s 
Matrix size:                        4096 x 4096
Block size:                         256
Warmup rounds:                      5
Repetitions:                        30
OpenBLAS:                           OFF
Implementation ID:                  1 (Serial blocked)

Time  (mean ± σ):                   12.931 s  ± 73.678 ms
Time  (min … max):                  12.786 s  … 13.035 s 

      ▄▄______▄▄█_▄___▄▄__▄_▄___▄▄▄▄_▄_▄▄█▄▄▄▄_▄_▄_█_█
12.8 s              frequency by time             13.0 s 

============================================================
